INFO       2022-06-05 16:31:48,759 Hello, logging!!!
INFO       2022-06-05 16:33:26,542 Hello, logging!!!
INFO       2022-06-05 16:33:26,542 first function works stable
INFO       2022-06-05 16:33:26,542 first function return OK
INFO       2022-06-05 16:33:26,542 second function works stable
INFO       2022-06-05 16:33:26,542 second function return OK
INFO       2022-06-05 16:33:31,345 Hello, logging!!!
INFO       2022-06-05 16:33:31,345 first function works stable
INFO       2022-06-05 16:33:31,345 first function return OK
INFO       2022-06-05 16:33:31,345 second function works stable
INFO       2022-06-05 16:33:31,345 second function return OK
INFO       2022-06-05 16:37:39,991 Hello, logging!!!
INFO       2022-06-05 16:37:39,992 first function works stable
INFO       2022-06-05 16:37:39,992 first function return OK
INFO       2022-06-05 16:37:39,992 second function works stable
INFO       2022-06-05 16:37:39,992 second function return OK
ERROR      2022-06-05 16:37:39,992 File error, check file
INFO       2022-06-05 16:37:52,979 Hello, logging!!!
INFO       2022-06-05 16:37:52,979 first function works stable
INFO       2022-06-05 16:37:52,979 first function return OK
INFO       2022-06-05 16:37:52,979 second function works stable
INFO       2022-06-05 16:37:52,979 second function return OK
INFO       2022-06-05 16:37:52,979 file is OK
